<?xml version="1.0" encoding="UTF-8"?>
<!-- Generated by org.testng.reporters.JUnitXMLReporter -->
<testsuite hostname="Sheriffs-Air" ignored="0" name="EcommerceTest" tests="3" failures="1" timestamp="18 Feb 2018 18:57:46 GMT" time="54.888" errors="0">
  <testcase name="raiseOrderTest" time="26.024" classname="com.bjss.tests.EcommerceTest"/>
  <testcase name="reviewOrderTest" time="7.109" classname="com.bjss.tests.EcommerceTest"/>
  <testcase name="captureFailureTest" time="3.693" classname="com.bjss.tests.EcommerceTest">
    <failure type="java.lang.AssertionError" message="expected [Black] but found [Maroon]">
      <![CDATA[java.lang.AssertionError: expected [Black] but found [Maroon]
at com.bjss.tests.EcommerceTest.captureFailureTest(EcommerceTest.java:135)
... Removed 31 stack frames]]>
    </failure>
  </testcase> <!-- captureFailureTest -->
</testsuite> <!-- EcommerceTest -->
